<?xml version="1.0" encoding="UTF-8"?>
<testng-results skipped="0" failed="0" ignored="0" total="2" passed="2">
  <reporter-output>
  </reporter-output>
  <suite name="Default suite" duration-ms="11761" started-at="2020-03-03T15:22:46 EST" finished-at="2020-03-03T15:22:58 EST">
    <groups>
    </groups>
    <test name="Default test" duration-ms="11761" started-at="2020-03-03T15:22:46 EST" finished-at="2020-03-03T15:22:58 EST">
      <class name="allTest.HomePageTest">
        <test-method status="PASS" signature="titleValidation()[pri:0, instance:allTest.HomePageTest@51e2adc7]" name="titleValidation" duration-ms="5822" started-at="2020-03-03T15:22:46 EST" finished-at="2020-03-03T15:22:52 EST">
          <reporter-output>
          </reporter-output>
        </test-method> <!-- titleValidation -->
        <test-method status="PASS" signature="validateLaptop()[pri:0, instance:allTest.HomePageTest@51e2adc7]" name="validateLaptop" duration-ms="3562" started-at="2020-03-03T15:22:52 EST" finished-at="2020-03-03T15:22:56 EST">
          <reporter-output>
          </reporter-output>
        </test-method> <!-- validateLaptop -->
        <test-method status="PASS" signature="tearDown()[pri:0, instance:allTest.HomePageTest@51e2adc7]" name="tearDown" is-config="true" duration-ms="2345" started-at="2020-03-03T15:22:56 EST" finished-at="2020-03-03T15:22:58 EST">
          <reporter-output>
          </reporter-output>
        </test-method> <!-- tearDown -->
      </class> <!-- allTest.HomePageTest -->
    </test> <!-- Default test -->
  </suite> <!-- Default suite -->
</testng-results>
